2026-04-21 14:47:42,373 INFO o.a.j.u.JMeterUtils: Setting Locale to en_EN
2026-04-21 14:47:42,387 INFO o.a.j.JMeter: Loading user properties from: /home/fongfox/work-space/learn/tipjs/spring-ddd-ticket-booking/benchmark/jmeter/bin/user.properties
2026-04-21 14:47:42,387 INFO o.a.j.JMeter: Loading system properties from: /home/fongfox/work-space/learn/tipjs/spring-ddd-ticket-booking/benchmark/jmeter/bin/system.properties
2026-04-21 14:47:42,394 INFO o.a.j.JMeter: Copyright (c) 1998-2024 The Apache Software Foundation
2026-04-21 14:47:42,395 INFO o.a.j.JMeter: Version 5.6.3
2026-04-21 14:47:42,395 INFO o.a.j.JMeter: java.version=25.0.2
2026-04-21 14:47:42,395 INFO o.a.j.JMeter: java.vm.name=OpenJDK 64-Bit Server VM
2026-04-21 14:47:42,395 INFO o.a.j.JMeter: os.name=Linux
2026-04-21 14:47:42,395 INFO o.a.j.JMeter: os.arch=amd64
2026-04-21 14:47:42,395 INFO o.a.j.JMeter: os.version=6.6.87.2-microsoft-standard-WSL2
2026-04-21 14:47:42,395 INFO o.a.j.JMeter: file.encoding=UTF-8
2026-04-21 14:47:42,395 INFO o.a.j.JMeter: java.awt.headless=null
2026-04-21 14:47:42,395 INFO o.a.j.JMeter: Max memory     =1073741824
2026-04-21 14:47:42,395 INFO o.a.j.JMeter: Available Processors =16
2026-04-21 14:47:42,409 INFO o.a.j.JMeter: Default Locale=English (EN)
2026-04-21 14:47:42,409 INFO o.a.j.JMeter: JMeter  Locale=English (EN)
2026-04-21 14:47:42,409 INFO o.a.j.JMeter: JMeterHome=/home/fongfox/work-space/learn/tipjs/spring-ddd-ticket-booking/benchmark/jmeter
2026-04-21 14:47:42,410 INFO o.a.j.JMeter: user.dir  =/home/fongfox/work-space/learn/tipjs/spring-ddd-ticket-booking
2026-04-21 14:47:42,410 INFO o.a.j.JMeter: PWD       =/home/fongfox/work-space/learn/tipjs/spring-ddd-ticket-booking
2026-04-21 14:47:42,410 INFO o.a.j.JMeter: IP: 127.0.1.1 Name: DESKTOP-OPC5QI7 FullName: DESKTOP-OPC5QI7.localdomain
2026-04-21 14:47:42,421 INFO o.a.j.JMeter: Loaded icon properties from org/apache/jmeter/images/icon.properties
2026-04-21 14:47:42,743 INFO o.a.j.JMeterGuiLauncher: Setting LAF to: com.github.weisj.darklaf.DarkLaf:com.github.weisj.darklaf.theme.DarculaTheme
2026-04-21 14:49:02,643 INFO o.a.j.p.h.s.HTTPSamplerBase: Parser for text/html is org.apache.jmeter.protocol.http.parser.LagartoBasedHtmlParser
2026-04-21 14:49:02,643 INFO o.a.j.p.h.s.HTTPSamplerBase: Parser for application/xhtml+xml is org.apache.jmeter.protocol.http.parser.LagartoBasedHtmlParser
2026-04-21 14:49:02,644 INFO o.a.j.p.h.s.HTTPSamplerBase: Parser for application/xml is org.apache.jmeter.protocol.http.parser.LagartoBasedHtmlParser
2026-04-21 14:49:02,644 INFO o.a.j.p.h.s.HTTPSamplerBase: Parser for text/xml is org.apache.jmeter.protocol.http.parser.LagartoBasedHtmlParser
2026-04-21 14:49:02,644 INFO o.a.j.p.h.s.HTTPSamplerBase: Parser for text/vnd.wap.wml is org.apache.jmeter.protocol.http.parser.RegexpHTMLParser
2026-04-21 14:49:02,644 INFO o.a.j.p.h.s.HTTPSamplerBase: Parser for text/css is org.apache.jmeter.protocol.http.parser.CssParser
